Determining if the pthread_create exist failed with the following output:
Change Dir: /home/songsong/catkin_workspace/teb_local_planner/build/CMakeFiles/CMakeTmp

Run Build Command:"/usr/bin/make" "cmTC_cfacc/fast"
/usr/bin/make -f CMakeFiles/cmTC_cfacc.dir/build.make CMakeFiles/cmTC_cfacc.dir/build
make[1]: Entering directory '/home/songsong/catkin_workspace/teb_local_planner/build/CMakeFiles/CMakeTmp'
Building C object CMakeFiles/cmTC_cfacc.dir/CheckSymbolExists.c.o
/usr/bin/cc     -o CMakeFiles/cmTC_cfacc.dir/CheckSymbolExists.c.o   -c /home/songsong/catkin_workspace/teb_local_planner/build/CMakeFiles/CMakeTmp/CheckSymbolExists.c
Linking C executable cmTC_cfacc
/usr/bin/cmake -E cmake_link_script CMakeFiles/cmTC_cfacc.dir/link.txt --verbose=1
/usr/bin/cc       CMakeFiles/cmTC_cfacc.dir/CheckSymbolExists.c.o  -o cmTC_cfacc -rdynamic 
CMakeFiles/cmTC_cfacc.dir/CheckSymbolExists.c.o: In function `main':
CheckSymbolExists.c:(.text+0x16): undefined reference to `pthread_create'
collect2: error: ld returned 1 exit status
CMakeFiles/cmTC_cfacc.dir/build.make:97: recipe for target 'cmTC_cfacc' failed
make[1]: *** [cmTC_cfacc] Error 1
make[1]: Leaving directory '/home/songsong/catkin_workspace/teb_local_planner/build/CMakeFiles/CMakeTmp'
Makefile:126: recipe for target 'cmTC_cfacc/fast' failed
make: *** [cmTC_cfacc/fast] Error 2

File /home/songsong/catkin_workspace/teb_local_planner/build/CMakeFiles/CMakeTmp/CheckSymbolExists.c:
/* */
#include <pthread.h>

int main(int argc, char** argv)
{
  (void)argv;
#ifndef pthread_create
  return ((int*)(&pthread_create))[argc];
#else
  (void)argc;
  return 0;
#endif
}

Determining if the function pthread_create exists in the pthreads failed with the following output:
Change Dir: /home/songsong/catkin_workspace/teb_local_planner/build/CMakeFiles/CMakeTmp

Run Build Command:"/usr/bin/make" "cmTC_abac9/fast"
/usr/bin/make -f CMakeFiles/cmTC_abac9.dir/build.make CMakeFiles/cmTC_abac9.dir/build
make[1]: Entering directory '/home/songsong/catkin_workspace/teb_local_planner/build/CMakeFiles/CMakeTmp'
Building C object CMakeFiles/cmTC_abac9.dir/CheckFunctionExists.c.o
/usr/bin/cc    -DCHECK_FUNCTION_EXISTS=pthread_create   -o CMakeFiles/cmTC_abac9.dir/CheckFunctionExists.c.o   -c /usr/share/cmake-3.5/Modules/CheckFunctionExists.c
Linking C executable cmTC_abac9
/usr/bin/cmake -E cmake_link_script CMakeFiles/cmTC_abac9.dir/link.txt --verbose=1
/usr/bin/cc   -DCHECK_FUNCTION_EXISTS=pthread_create    CMakeFiles/cmTC_abac9.dir/CheckFunctionExists.c.o  -o cmTC_abac9 -rdynamic -lpthreads 
/usr/bin/ld: cannot find -lpthreads
collect2: error: ld returned 1 exit status
CMakeFiles/cmTC_abac9.dir/build.make:97: recipe for target 'cmTC_abac9' failed
make[1]: *** [cmTC_abac9] Error 1
make[1]: Leaving directory '/home/songsong/catkin_workspace/teb_local_planner/build/CMakeFiles/CMakeTmp'
Makefile:126: recipe for target 'cmTC_abac9/fast' failed
make: *** [cmTC_abac9/fast] Error 2


