Determining if the pthread_create exist failed with the following output:
Change Dir: /home/songsong/image_transport_ws/build/CMakeFiles/CMakeTmp

Run Build Command:"/usr/bin/make" "cmTC_14beb/fast"
/usr/bin/make -f CMakeFiles/cmTC_14beb.dir/build.make CMakeFiles/cmTC_14beb.dir/build
make[1]: Entering directory '/home/songsong/image_transport_ws/build/CMakeFiles/CMakeTmp'
Building C object CMakeFiles/cmTC_14beb.dir/CheckSymbolExists.c.o
/usr/bin/cc     -o CMakeFiles/cmTC_14beb.dir/CheckSymbolExists.c.o   -c /home/songsong/image_transport_ws/build/CMakeFiles/CMakeTmp/CheckSymbolExists.c
Linking C executable cmTC_14beb
/usr/bin/cmake -E cmake_link_script CMakeFiles/cmTC_14beb.dir/link.txt --verbose=1
/usr/bin/cc       CMakeFiles/cmTC_14beb.dir/CheckSymbolExists.c.o  -o cmTC_14beb -rdynamic 
CMakeFiles/cmTC_14beb.dir/CheckSymbolExists.c.o: In function `main':
CheckSymbolExists.c:(.text+0x16): undefined reference to `pthread_create'
collect2: error: ld returned 1 exit status
CMakeFiles/cmTC_14beb.dir/build.make:97: recipe for target 'cmTC_14beb' failed
make[1]: *** [cmTC_14beb] Error 1
make[1]: Leaving directory '/home/songsong/image_transport_ws/build/CMakeFiles/CMakeTmp'
Makefile:126: recipe for target 'cmTC_14beb/fast' failed
make: *** [cmTC_14beb/fast] Error 2

File /home/songsong/image_transport_ws/build/CMakeFiles/CMakeTmp/CheckSymbolExists.c:
/* */
#include <pthread.h>

int main(int argc, char** argv)
{
  (void)argv;
#ifndef pthread_create
  return ((int*)(&pthread_create))[argc];
#else
  (void)argc;
  return 0;
#endif
}

Determining if the function pthread_create exists in the pthreads failed with the following output:
Change Dir: /home/songsong/image_transport_ws/build/CMakeFiles/CMakeTmp

Run Build Command:"/usr/bin/make" "cmTC_ad53a/fast"
/usr/bin/make -f CMakeFiles/cmTC_ad53a.dir/build.make CMakeFiles/cmTC_ad53a.dir/build
make[1]: Entering directory '/home/songsong/image_transport_ws/build/CMakeFiles/CMakeTmp'
Building C object CMakeFiles/cmTC_ad53a.dir/CheckFunctionExists.c.o
/usr/bin/cc    -DCHECK_FUNCTION_EXISTS=pthread_create   -o CMakeFiles/cmTC_ad53a.dir/CheckFunctionExists.c.o   -c /usr/share/cmake-3.5/Modules/CheckFunctionExists.c
Linking C executable cmTC_ad53a
/usr/bin/cmake -E cmake_link_script CMakeFiles/cmTC_ad53a.dir/link.txt --verbose=1
/usr/bin/cc   -DCHECK_FUNCTION_EXISTS=pthread_create    CMakeFiles/cmTC_ad53a.dir/CheckFunctionExists.c.o  -o cmTC_ad53a -rdynamic -lpthreads 
/usr/bin/ld: cannot find -lpthreads
collect2: error: ld returned 1 exit status
CMakeFiles/cmTC_ad53a.dir/build.make:97: recipe for target 'cmTC_ad53a' failed
make[1]: *** [cmTC_ad53a] Error 1
make[1]: Leaving directory '/home/songsong/image_transport_ws/build/CMakeFiles/CMakeTmp'
Makefile:126: recipe for target 'cmTC_ad53a/fast' failed
make: *** [cmTC_ad53a/fast] Error 2


