Determining if the pthread_create exist failed with the following output:
Change Dir: /home/songsong/realsense_opencv_ws/build/CMakeFiles/CMakeTmp

Run Build Command:"/usr/bin/make" "cmTC_a93ca/fast"
/usr/bin/make -f CMakeFiles/cmTC_a93ca.dir/build.make CMakeFiles/cmTC_a93ca.dir/build
make[1]: Entering directory '/home/songsong/realsense_opencv_ws/build/CMakeFiles/CMakeTmp'
Building C object CMakeFiles/cmTC_a93ca.dir/CheckSymbolExists.c.o
/usr/bin/cc     -o CMakeFiles/cmTC_a93ca.dir/CheckSymbolExists.c.o   -c /home/songsong/realsense_opencv_ws/build/CMakeFiles/CMakeTmp/CheckSymbolExists.c
Linking C executable cmTC_a93ca
/usr/bin/cmake -E cmake_link_script CMakeFiles/cmTC_a93ca.dir/link.txt --verbose=1
/usr/bin/cc       CMakeFiles/cmTC_a93ca.dir/CheckSymbolExists.c.o  -o cmTC_a93ca -rdynamic 
CMakeFiles/cmTC_a93ca.dir/CheckSymbolExists.c.o: In function `main':
CheckSymbolExists.c:(.text+0x16): undefined reference to `pthread_create'
collect2: error: ld returned 1 exit status
CMakeFiles/cmTC_a93ca.dir/build.make:97: recipe for target 'cmTC_a93ca' failed
make[1]: *** [cmTC_a93ca] Error 1
make[1]: Leaving directory '/home/songsong/realsense_opencv_ws/build/CMakeFiles/CMakeTmp'
Makefile:126: recipe for target 'cmTC_a93ca/fast' failed
make: *** [cmTC_a93ca/fast] Error 2

File /home/songsong/realsense_opencv_ws/build/CMakeFiles/CMakeTmp/CheckSymbolExists.c:
/* */
#include <pthread.h>

int main(int argc, char** argv)
{
  (void)argv;
#ifndef pthread_create
  return ((int*)(&pthread_create))[argc];
#else
  (void)argc;
  return 0;
#endif
}

Determining if the function pthread_create exists in the pthreads failed with the following output:
Change Dir: /home/songsong/realsense_opencv_ws/build/CMakeFiles/CMakeTmp

Run Build Command:"/usr/bin/make" "cmTC_5bb4a/fast"
/usr/bin/make -f CMakeFiles/cmTC_5bb4a.dir/build.make CMakeFiles/cmTC_5bb4a.dir/build
make[1]: Entering directory '/home/songsong/realsense_opencv_ws/build/CMakeFiles/CMakeTmp'
Building C object CMakeFiles/cmTC_5bb4a.dir/CheckFunctionExists.c.o
/usr/bin/cc    -DCHECK_FUNCTION_EXISTS=pthread_create   -o CMakeFiles/cmTC_5bb4a.dir/CheckFunctionExists.c.o   -c /usr/share/cmake-3.5/Modules/CheckFunctionExists.c
Linking C executable cmTC_5bb4a
/usr/bin/cmake -E cmake_link_script CMakeFiles/cmTC_5bb4a.dir/link.txt --verbose=1
/usr/bin/cc   -DCHECK_FUNCTION_EXISTS=pthread_create    CMakeFiles/cmTC_5bb4a.dir/CheckFunctionExists.c.o  -o cmTC_5bb4a -rdynamic -lpthreads 
/usr/bin/ld: cannot find -lpthreads
collect2: error: ld returned 1 exit status
CMakeFiles/cmTC_5bb4a.dir/build.make:97: recipe for target 'cmTC_5bb4a' failed
make[1]: *** [cmTC_5bb4a] Error 1
make[1]: Leaving directory '/home/songsong/realsense_opencv_ws/build/CMakeFiles/CMakeTmp'
Makefile:126: recipe for target 'cmTC_5bb4a/fast' failed
make: *** [cmTC_5bb4a/fast] Error 2


