Determining if the pthread_create exist failed with the following output:
Change Dir: /home/songsong/Documents/private/Graduation-design/codes/Intelrealsense/1/cmake-build-debug/CMakeFiles/CMakeTmp

Run Build Command:"/usr/bin/make" "cmTC_db881/fast"
/usr/bin/make -f CMakeFiles/cmTC_db881.dir/build.make CMakeFiles/cmTC_db881.dir/build
make[1]: Entering directory '/home/songsong/Documents/private/Graduation-design/codes/Intelrealsense/1/cmake-build-debug/CMakeFiles/CMakeTmp'
Building C object CMakeFiles/cmTC_db881.dir/CheckSymbolExists.c.o
/usr/bin/cc    -o CMakeFiles/cmTC_db881.dir/CheckSymbolExists.c.o   -c /home/songsong/Documents/private/Graduation-design/codes/Intelrealsense/1/cmake-build-debug/CMakeFiles/CMakeTmp/CheckSymbolExists.c
Linking C executable cmTC_db881
/snap/clion/67/bin/cmake/linux/bin/cmake -E cmake_link_script CMakeFiles/cmTC_db881.dir/link.txt --verbose=1
/usr/bin/cc      -rdynamic CMakeFiles/cmTC_db881.dir/CheckSymbolExists.c.o  -o cmTC_db881 
CMakeFiles/cmTC_db881.dir/CheckSymbolExists.c.o: In function `main':
CheckSymbolExists.c:(.text+0x16): undefined reference to `pthread_create'
collect2: error: ld returned 1 exit status
CMakeFiles/cmTC_db881.dir/build.make:86: recipe for target 'cmTC_db881' failed
make[1]: *** [cmTC_db881] Error 1
make[1]: Leaving directory '/home/songsong/Documents/private/Graduation-design/codes/Intelrealsense/1/cmake-build-debug/CMakeFiles/CMakeTmp'
Makefile:121: recipe for target 'cmTC_db881/fast' failed
make: *** [cmTC_db881/fast] Error 2

File /home/songsong/Documents/private/Graduation-design/codes/Intelrealsense/1/cmake-build-debug/CMakeFiles/CMakeTmp/CheckSymbolExists.c:
/* */
#include <pthread.h>

int main(int argc, char** argv)
{
  (void)argv;
#ifndef pthread_create
  return ((int*)(&pthread_create))[argc];
#else
  (void)argc;
  return 0;
#endif
}

Determining if the function pthread_create exists in the pthreads failed with the following output:
Change Dir: /home/songsong/Documents/private/Graduation-design/codes/Intelrealsense/1/cmake-build-debug/CMakeFiles/CMakeTmp

Run Build Command:"/usr/bin/make" "cmTC_dcae7/fast"
/usr/bin/make -f CMakeFiles/cmTC_dcae7.dir/build.make CMakeFiles/cmTC_dcae7.dir/build
make[1]: Entering directory '/home/songsong/Documents/private/Graduation-design/codes/Intelrealsense/1/cmake-build-debug/CMakeFiles/CMakeTmp'
Building C object CMakeFiles/cmTC_dcae7.dir/CheckFunctionExists.c.o
/usr/bin/cc   -DCHECK_FUNCTION_EXISTS=pthread_create   -o CMakeFiles/cmTC_dcae7.dir/CheckFunctionExists.c.o   -c /snap/clion/67/bin/cmake/linux/share/cmake-3.13/Modules/CheckFunctionExists.c
Linking C executable cmTC_dcae7
/snap/clion/67/bin/cmake/linux/bin/cmake -E cmake_link_script CMakeFiles/cmTC_dcae7.dir/link.txt --verbose=1
/usr/bin/cc  -DCHECK_FUNCTION_EXISTS=pthread_create    -rdynamic CMakeFiles/cmTC_dcae7.dir/CheckFunctionExists.c.o  -o cmTC_dcae7 -lpthreads 
/usr/bin/ld: cannot find -lpthreads
collect2: error: ld returned 1 exit status
CMakeFiles/cmTC_dcae7.dir/build.make:86: recipe for target 'cmTC_dcae7' failed
make[1]: *** [cmTC_dcae7] Error 1
make[1]: Leaving directory '/home/songsong/Documents/private/Graduation-design/codes/Intelrealsense/1/cmake-build-debug/CMakeFiles/CMakeTmp'
Makefile:121: recipe for target 'cmTC_dcae7/fast' failed
make: *** [cmTC_dcae7/fast] Error 2


